2025-12-18 at 00:10:42 | INFO | Страница загружена
2025-12-18 at 00:12:40 | INFO | Страница загружена
2025-12-18 at 00:37:05 | INFO | Переходим на страницу входа...
2025-12-18 at 00:37:35 | ERROR | Произошла ошибка: Page.goto: Timeout 30000ms exceeded.
Call log:
  - navigating to "https://omni.top-academy.ru/login", waiting until "load"

2025-12-18 at 00:38:05 | INFO | Браузер закрыт
2025-12-18 at 00:39:57 | INFO | Переходим на страницу входа...
2025-12-18 at 00:40:27 | ERROR | Произошла ошибка: Page.goto: Timeout 30000ms exceeded.
Call log:
  - navigating to "https://omni.top-academy.ru/login", waiting until "load"

2025-12-18 at 00:40:57 | INFO | Браузер закрыт
2025-12-18 at 00:43:01 | INFO | Переходим на страницу входа...
2025-12-18 at 00:43:02 | INFO | Данные для входа введены
2025-12-18 at 00:43:02 | INFO | Кнопка входа нажата
2025-12-18 at 00:43:05 | ERROR | Вход не удался! Проверьте логин и пароль.
2025-12-18 at 00:50:53 | INFO | Переходим на страницу входа...
2025-12-18 at 00:50:54 | INFO | Данные для входа введены
2025-12-18 at 00:50:54 | INFO | Кнопка входа нажата
2025-12-18 at 00:50:57 | ERROR | Вход не удался! Проверьте логин и пароль.
2025-12-18 at 00:51:13 | INFO | Браузер закрыт
2025-12-18 at 00:52:13 | INFO | Переходим на страницу входа...
2025-12-18 at 00:52:14 | INFO | Данные для входа введены
2025-12-18 at 00:52:14 | INFO | Кнопка входа нажата
2025-12-18 at 00:52:17 | ERROR | Вход не удался! Проверьте логин и пароль.
2025-12-18 at 00:52:36 | INFO | Переходим на страницу входа...
2025-12-18 at 00:52:37 | INFO | Данные для входа введены
2025-12-18 at 00:52:37 | INFO | Кнопка входа нажата
2025-12-18 at 00:52:40 | ERROR | Вход не удался! Проверьте логин и пароль.
2025-12-18 at 00:53:58 | INFO | Браузер закрыт
2025-12-18 at 00:54:05 | INFO | Переходим на страницу входа...
2025-12-18 at 00:54:06 | INFO | Данные для входа введены
2025-12-18 at 00:54:06 | INFO | Кнопка входа нажата
2025-12-18 at 00:54:09 | ERROR | Вход не удался! Проверьте логин и пароль.
2025-12-18 at 00:57:44 | INFO | Переходим на страницу входа...
2025-12-18 at 00:57:46 | INFO | Данные для входа введены
2025-12-18 at 00:57:46 | INFO | Кнопка входа нажата
2025-12-18 at 00:57:46 | INFO | Зашли на страницу с домашним заданием
2025-12-18 at 00:57:46 | SUCCESS | Вход выполнен успешно! Текущий URL: https://journal.top-academy.ru/
2025-12-18 at 00:58:29 | INFO | Браузер закрыт
2025-12-18 at 01:00:30 | INFO | Переходим на страницу входа...
2025-12-18 at 01:00:35 | INFO | Данные для входа введены
2025-12-18 at 01:00:36 | INFO | Кнопка входа нажата
2025-12-18 at 01:00:39 | SUCCESS | Вход выполнен успешно! Текущий URL: https://journal.top-academy.ru/ru/main/dashboard/page/index
2025-12-18 at 01:02:24 | INFO | Переходим на страницу входа...
2025-12-18 at 01:02:28 | INFO | Данные для входа введены
2025-12-18 at 01:02:29 | INFO | Кнопка входа нажата
2025-12-18 at 01:02:29 | SUCCESS | Вход выполнен успешно! Текущий URL: https://journal.top-academy.ru/ru/main/dashboard/page/index
2025-12-18 at 01:07:18 | INFO | Браузер закрыт
2025-12-18 at 01:07:21 | INFO | Переходим на страницу входа...
2025-12-18 at 01:07:25 | INFO | Данные для входа введены
2025-12-18 at 01:07:26 | INFO | Кнопка входа нажата
2025-12-18 at 01:07:26 | SUCCESS | Вход выполнен успешно! Текущий URL: https://journal.top-academy.ru/ru/main/dashboard/page/index
2025-12-18 at 01:17:24 | INFO | Страница загружена
2025-12-18 at 01:17:24 | INFO | Данные для входа введены
2025-12-18 at 01:17:24 | INFO | Кнопка входа нажата
2025-12-18 at 01:17:29 | SUCCESS | Вход выполнен! Текущий url: https://journal.top-academy.ru/ru/main/dashboard/page/index
2025-12-18 at 01:17:30 | INFO | Зашли на страницу с домашним заданием
2025-12-18 at 01:17:41 | INFO | Открыли github
2025-12-18 at 01:20:10 | INFO | Страница загружена
2025-12-18 at 01:20:10 | INFO | Данные для входа введены
2025-12-18 at 01:20:10 | INFO | Кнопка входа нажата
2025-12-18 at 01:20:15 | SUCCESS | Вход выполнен! Текущий url: https://journal.top-academy.ru/ru/main/dashboard/page/index
2025-12-18 at 01:20:15 | INFO | Зашли на страницу с домашним заданием
2025-12-18 at 01:20:59 | INFO | Страница загружена
2025-12-18 at 01:20:59 | INFO | Данные для входа введены
2025-12-18 at 01:20:59 | INFO | Кнопка входа нажата
2025-12-18 at 01:21:04 | SUCCESS | Вход выполнен! Текущий url: https://journal.top-academy.ru/ru/main/dashboard/page/index
2025-12-18 at 01:21:04 | INFO | Зашли на страницу с домашним заданием
2025-12-18 at 01:21:15 | INFO | Открыли github
